<?xml version="1.0" encoding="UTF-8"?>
<!-- Generated by org.testng.reporters.JUnitXMLReporter -->
<testsuite ignored="0" hostname="DESKTOP-V8I7LSO" failures="0" tests="5" name="Default test" time="2.448" errors="0" timestamp="2024-02-07T21:55:25 AEDT">
  <testcase classname="automationProject1.SortByOrder" name="sortoption" time="0.059"/>
  <testcase classname="automationProject1.SortByOrder" name="sortbyAtoZ" time="0.123"/>
  <testcase classname="automationProject1.SortByOrder" name="sortbyZtoA" time="0.123"/>
  <testcase classname="automationProject1.SortByOrder" name="sortbyLowtoHigh" time="0.106"/>
  <testcase classname="automationProject1.SortByOrder" name="sortbyHightoLow" time="0.108"/>
</testsuite> <!-- Default test -->
